<?xml version="1.0" encoding="UTF-8"?>
<!-- Generated by org.testng.reporters.JUnitXMLReporter -->
<testsuite ignored="0" hostname="LAPTOP-VKBHV4LJ" failures="0" tests="4" name="Test2" time="58.022" errors="0" timestamp="2024-07-30T22:12:27 AST">
  <testcase classname="TestNG.parallelteststhreadcount" name="Test1" time="4.199"/>
  <testcase classname="TestNG.parallelteststhreadcount" name="Test2" time="8.349"/>
  <testcase classname="TestNG.parallelteststhreadcount" name="Test3" time="11.254"/>
  <testcase classname="TestNG.parallelteststhreadcount" name="Test4" time="34.11"/>
</testsuite> <!-- Test2 -->
