<?xml version="1.0" encoding="UTF-8"?>
<!-- Generated by org.testng.reporters.JUnitXMLReporter -->
<testsuite ignored="0" hostname="LAPTOP-VKBHV4LJ" failures="0" tests="8" name="Test1" time="71.077" errors="0" timestamp="2024-07-30T22:12:38 AST">
  <testcase classname="TestNG.parallelclassthreadcount" name="Test1" time="5.772"/>
  <testcase classname="TestNG.parallelmethodthreadcount" name="Test1" time="5.9"/>
  <testcase classname="TestNG.parallelclassthreadcount" name="Test2" time="6.505"/>
  <testcase classname="TestNG.parallelmethodthreadcount" name="Test2" time="9.299"/>
  <testcase classname="TestNG.parallelclassthreadcount" name="Test3" time="13.78"/>
  <testcase classname="TestNG.parallelmethodthreadcount" name="Test3" time="15.376"/>
  <testcase classname="TestNG.parallelclassthreadcount" name="Test4" time="30.441"/>
  <testcase classname="TestNG.parallelmethodthreadcount" name="Test4" time="40.44"/>
</testsuite> <!-- Test1 -->
