<?xml version="1.0" encoding="UTF-8"?>
<testng-results ignored="0" total="2" passed="2" failed="0" skipped="0">
  <reporter-output>
  </reporter-output>
  <suite started-at="2024-09-16T06:25:38 AST" name="Suite" finished-at="2024-09-16T06:25:45 AST" duration-ms="7383">
    <groups>
      <group name="fita">
        <method signature="includeexcludegroups.Test2()[pri:0, instance:TestNG.includeexcludegroups@5ffead27]" name="Test2" class="TestNG.includeexcludegroups"/>
        <method signature="includeexcludegroups.Test3()[pri:0, instance:TestNG.includeexcludegroups@5ffead27]" name="Test3" class="TestNG.includeexcludegroups"/>
      </group> <!-- fita -->
    </groups>
    <test started-at="2024-09-16T06:25:38 AST" name="Test" finished-at="2024-09-16T06:25:45 AST" duration-ms="7383">
      <class name="TestNG.includeexcludegroups">
        <test-method is-config="true" signature="Test1()[pri:0, instance:TestNG.includeexcludegroups@5ffead27]" started-at="2024-09-16T06:25:38 AST" name="Test1" finished-at="2024-09-16T06:25:40 AST" duration-ms="2452" status="PASS">
          <reporter-output>
          </reporter-output>
        </test-method> <!-- Test1 -->
        <test-method signature="Test2()[pri:0, instance:TestNG.includeexcludegroups@5ffead27]" started-at="2024-09-16T06:25:40 AST" name="Test2" finished-at="2024-09-16T06:25:41 AST" duration-ms="976" status="PASS">
          <reporter-output>
          </reporter-output>
        </test-method> <!-- Test2 -->
        <test-method signature="Test3()[pri:0, instance:TestNG.includeexcludegroups@5ffead27]" started-at="2024-09-16T06:25:41 AST" name="Test3" finished-at="2024-09-16T06:25:41 AST" duration-ms="1" status="PASS">
          <reporter-output>
          </reporter-output>
        </test-method> <!-- Test3 -->
        <test-method is-config="true" signature="Test4()[pri:0, instance:TestNG.includeexcludegroups@5ffead27]" started-at="2024-09-16T06:25:41 AST" name="Test4" finished-at="2024-09-16T06:25:45 AST" duration-ms="3920" status="PASS">
          <reporter-output>
          </reporter-output>
        </test-method> <!-- Test4 -->
      </class> <!-- TestNG.includeexcludegroups -->
    </test> <!-- Test -->
  </suite> <!-- Suite -->
</testng-results>
